[PREINITIALIZATION][CLIENT][INFO] Loading scripts
[PREINITIALIZATION][CLIENT][INFO] [gregtech | SIDE_CLIENT]: Skipping file {[0:crafttweaker]: Aether.zs} as we are currently loading with a different loader
[PREINITIALIZATION][CLIENT][INFO] [gregtech | SIDE_CLIENT]: Skipping file {[0:crafttweaker]: Betweenland.zs} as we are currently loading with a different loader
[PREINITIALIZATION][CLIENT][INFO] [gregtech | SIDE_CLIENT]: Skipping file {[0:crafttweaker]: Botania.zs} as we are currently loading with a different loader
[PREINITIALIZATION][CLIENT][INFO] [gregtech | SIDE_CLIENT]: Skipping file {[0:crafttweaker]: Chisel.zs} as we are currently loading with a different loader
[PREINITIALIZATION][CLIENT][INFO] [gregtech | SIDE_CLIENT]: Skipping file {[0:crafttweaker]: Erebus.zs} as we are currently loading with a different loader
[PREINITIALIZATION][CLIENT][INFO] [gregtech | SIDE_CLIENT]: Skipping file {[0:crafttweaker]: Forestry.zs} as we are currently loading with a different loader
[PREINITIALIZATION][CLIENT][INFO] [gregtech | SIDE_CLIENT]: Skipping file {[0:crafttweaker]: Minecraft.zs} as we are currently loading with a different loader
[PREINITIALIZATION][CLIENT][INFO] [gregtech | SIDE_CLIENT]: Skipping file {[0:crafttweaker]: Primal.zs} as we are currently loading with a different loader
[PREINITIALIZATION][CLIENT][INFO] [gregtech | SIDE_CLIENT]: Skipping file {[0:crafttweaker]: recipes.zs} as we are currently loading with a different loader
[PREINITIALIZATION][CLIENT][INFO] [gregtech | SIDE_CLIENT]: Skipping file {[0:crafttweaker]: Roots.zs} as we are currently loading with a different loader
[PREINITIALIZATION][CLIENT][INFO] [gregtech | SIDE_CLIENT]: Skipping file {[0:crafttweaker]: Thaumcraft.zs} as we are currently loading with a different loader
[PREINITIALIZATION][CLIENT][INFO] Completed script loading in: 2ms
[INITIALIZATION][CLIENT][INFO] CraftTweaker: Building registry
[INITIALIZATION][CLIENT][INFO] CraftTweaker: Successfully built item registry
[INITIALIZATION][CLIENT][INFO] Loading scripts
[INITIALIZATION][CLIENT][INFO] [crafttweaker | SIDE_CLIENT]: Loading Script: {[0:crafttweaker]: Aether.zs}
[INITIALIZATION][CLIENT][INFO] [crafttweaker | SIDE_CLIENT]: Loading Script: {[0:crafttweaker]: Betweenland.zs}
[INITIALIZATION][CLIENT][INFO] [crafttweaker | SIDE_CLIENT]: Loading Script: {[0:crafttweaker]: Botania.zs}
[INITIALIZATION][CLIENT][INFO] [crafttweaker | SIDE_CLIENT]: Loading Script: {[0:crafttweaker]: Chisel.zs}
[INITIALIZATION][CLIENT][INFO] [crafttweaker | SIDE_CLIENT]: Loading Script: {[0:crafttweaker]: Erebus.zs}
[INITIALIZATION][CLIENT][INFO] [crafttweaker | SIDE_CLIENT]: Loading Script: {[0:crafttweaker]: Forestry.zs}
[INITIALIZATION][CLIENT][INFO] [crafttweaker | SIDE_CLIENT]: Loading Script: {[0:crafttweaker]: Minecraft.zs}
[INITIALIZATION][CLIENT][INFO] [crafttweaker | SIDE_CLIENT]: Loading Script: {[0:crafttweaker]: Primal.zs}
[INITIALIZATION][CLIENT][INFO] [crafttweaker | SIDE_CLIENT]: Loading Script: {[0:crafttweaker]: recipes.zs}
[INITIALIZATION][CLIENT][INFO] [crafttweaker | SIDE_CLIENT]: Loading Script: {[0:crafttweaker]: Roots.zs}
[INITIALIZATION][CLIENT][INFO] [crafttweaker | SIDE_CLIENT]: Loading Script: {[0:crafttweaker]: Thaumcraft.zs}
[INITIALIZATION][CLIENT][INFO] Completed script loading in: 590ms
[POSTINITIALIZATION][CLIENT][INFO] Removing Shapeless recipes for <minecraft:redstone> * 2
[POSTINITIALIZATION][CLIENT][INFO] Adding shaped recipe for Aether Portal with name Aether Portal
[POSTINITIALIZATION][CLIENT][INFO] Adding shapeless recipe for Betweenstone with name ct_shapeless-1185920814
[POSTINITIALIZATION][CLIENT][INFO] Adding shapeless recipe for Betweenstone Slab with name ct_shapeless-1707690151
[POSTINITIALIZATION][CLIENT][INFO] Adding shapeless recipe for Weedwood Planks with name ct_shapeless-1246219706
[POSTINITIALIZATION][CLIENT][INFO] Adding shapeless recipe for Weedwood Stick with name ct_shapeless-714097852
[POSTINITIALIZATION][CLIENT][INFO] Adding shapeless recipe for Weedwood Crafting Table with name ct_shapeless701162009
[POSTINITIALIZATION][CLIENT][INFO] Adding shaped recipe for Weedwood Chest with name Weedwood Chest
[POSTINITIALIZATION][CLIENT][INFO] Adding shaped recipe for Sulfur Furnace with name Sulfur Furnace
[POSTINITIALIZATION][CLIENT][INFO] Adding shaped recipe for Dragonfly Wing with name ct_shaped565540954
[POSTINITIALIZATION][CLIENT][INFO] Adding shaped recipe for Petal Apothecary with name Petal Apothecary
[POSTINITIALIZATION][CLIENT][INFO] Adding shapeless recipe for Mystical White Petal with name ct_shapeless643143849
[POSTINITIALIZATION][CLIENT][INFO] Adding shapeless recipe for Mystical Yellow Petal with name ct_shapeless437669151
[POSTINITIALIZATION][CLIENT][INFO] Adding shapeless recipe for Mystical Brown Petal with name ct_shapeless600659295
[POSTINITIALIZATION][CLIENT][INFO] Adding shapeless recipe for Mystical Gray Petal with name ct_shapeless548409274
[POSTINITIALIZATION][CLIENT][INFO] Adding shapeless recipe for Mystical Light Gray Petal with name ct_shapeless-831555587
[POSTINITIALIZATION][CLIENT][INFO] Adding shapeless recipe for Mystical Cyan Petal with name ct_shapeless196306244
[POSTINITIALIZATION][CLIENT][INFO] Adding shapeless recipe for Mystical Blue Petal with name ct_shapeless183659739
[POSTINITIALIZATION][CLIENT][INFO] Adding shapeless recipe for Mystical Red Petal with name ct_shapeless-851064600
[POSTINITIALIZATION][CLIENT][INFO] Adding shapeless recipe for Mystical Orange Petal with name ct_shapeless-1621105918
[POSTINITIALIZATION][CLIENT][INFO] Adding shapeless recipe for Mystical Purple Petal with name ct_shapeless112942958
[POSTINITIALIZATION][CLIENT][INFO] Adding shapeless recipe for Mystical Pink Petal with name ct_shapeless-1387258096
[POSTINITIALIZATION][CLIENT][INFO] Adding shapeless recipe for Mystical Magenta Petal with name ct_shapeless-1363608828
[POSTINITIALIZATION][CLIENT][INFO] Adding shapeless recipe for Mystical Black Petal with name ct_shapeless736313694
[POSTINITIALIZATION][CLIENT][INFO] Adding shapeless recipe for Mystical Light Blue Petal with name ct_shapeless432183085
[POSTINITIALIZATION][CLIENT][INFO] Adding shapeless recipe for Mystical Green Petal with name ct_shapeless892381022
[POSTINITIALIZATION][CLIENT][INFO] Adding shapeless recipe for Mystical Lime Petal with name ct_shapeless297949421
[POSTINITIALIZATION][CLIENT][INFO] Adding shaped recipe for Mana Spreader with name Mana Spreader
[POSTINITIALIZATION][CLIENT][INFO] Adding shapeless recipe for Fresh Thatching with name ct_shapeless1986722696
[POSTINITIALIZATION][CLIENT][INFO] Adding shapeless recipe for Wooden Shears with name ct_shapeless1834619793
[POSTINITIALIZATION][CLIENT][INFO] Adding shaped recipe for Thaumometer with name Thaumometr
[POSTINITIALIZATION][CLIENT][INFO] Removing furnace recipes for: <minecraft:glass>
[POSTINITIALIZATION][CLIENT][INFO] 4 recipes removed for: <minecraft:glass>
[AVAILABLE][CLIENT][INFO] Attempting to remove Pure Daisy recipe for [<botania:livingwood>]
[AVAILABLE][CLIENT][INFO] Removing 1 Botania PureDaisy Recipe(s) for <botania:livingwood>
[AVAILABLE][CLIENT][INFO] Attempting to remove Pure Daisy recipe for [<botania:livingrock>]
[AVAILABLE][CLIENT][INFO] Removing 1 Botania PureDaisy Recipe(s) for <botania:livingrock>
[AVAILABLE][CLIENT][INFO] Attempting to remove apothecary recipe for [<botania:specialflower>.withTag({type: "hydroangeas"})]
[AVAILABLE][CLIENT][INFO] Removing 1 Botania Petal Recipe(s) for <botania:specialflower>.withTag({type: "hydroangeas"})
[AVAILABLE][CLIENT][INFO] Attempting to remove apothecary recipe for [<botania:specialflower>.withTag({type: "munchdew"})]
[AVAILABLE][CLIENT][INFO] Removing 1 Botania Petal Recipe(s) for <botania:specialflower>.withTag({type: "munchdew"})
[AVAILABLE][CLIENT][INFO] Attempting to remove apothecary recipe for [<botania:specialflower>.withTag({type: "gourmaryllis"})]
[AVAILABLE][CLIENT][INFO] Removing 1 Botania Petal Recipe(s) for <botania:specialflower>.withTag({type: "gourmaryllis"})
[AVAILABLE][CLIENT][INFO] Attempting to remove mana infusion recipe for [<botania:manaresource:23>]
[AVAILABLE][CLIENT][INFO] Removing 20 Botania Mana Infusion Recipe(s) for <botania:manaresource:23>, <botania:manaresource:23>, <botania:manaresource:23>, <botania:manaresource:23>, <botania:manaresource:23>, <botania:manaresource:23>, <botania:manaresource:23>, <botania:manaresource:23>, <botania:manaresource:23>, <botania:manaresource:23>, <botania:manaresource:23>, <botania:manaresource:23>, <botania:manaresource:23>, <botania:manaresource:23>, <botania:manaresource:23>, <botania:manaresource:23>, <botania:manaresource:23>, <botania:manaresource:23>, <botania:manaresource:23>, <botania:manaresource:23>
[AVAILABLE][CLIENT][INFO] Attempting to remove mana infusion recipe for [<botania:manaresource>]
[AVAILABLE][CLIENT][INFO] Removing 1 Botania Mana Infusion Recipe(s) for <botania:manaresource>
[AVAILABLE][CLIENT][INFO] Attempting to remove Rune Altar recipe for [<botania:rune:3>]
[AVAILABLE][CLIENT][INFO] Removing 16 Botania Rune Altar Recipe(s) for <botania:rune:3> * 2, <botania:rune:3> * 2, <botania:rune:3> * 2, <botania:rune:3> * 2, <botania:rune:3> * 2, <botania:rune:3> * 2, <botania:rune:3> * 2, <botania:rune:3> * 2, <botania:rune:3> * 2, <botania:rune:3> * 2, <botania:rune:3> * 2, <botania:rune:3> * 2, <botania:rune:3> * 2, <botania:rune:3> * 2, <botania:rune:3> * 2, <botania:rune:3> * 2
[AVAILABLE][CLIENT][INFO] Adding 1 Botania Petal Recipe(s) for <thebetweenlands:items_plant_drop:20>
[AVAILABLE][CLIENT][INFO] Adding 1 Botania Petal Recipe(s) for <thebetweenlands:items_plant_drop:19>
[AVAILABLE][CLIENT][INFO] Adding 1 Botania PureDaisy Recipe(s) for <botania:livingwood>
[AVAILABLE][CLIENT][INFO] Adding 1 Botania PureDaisy Recipe(s) for <botania:livingrock>
[AVAILABLE][CLIENT][INFO] Adding 1 Botania Petal Recipe(s) for <botania:specialflower>.withTag({type: "hydroangeas"})
[AVAILABLE][CLIENT][INFO] Adding 1 Botania Petal Recipe(s) for <botania:specialflower>.withTag({type: "munchdew"})
[AVAILABLE][CLIENT][INFO] Adding 1 Botania Petal Recipe(s) for <botania:specialflower>.withTag({type: "gourmaryllis"})
[AVAILABLE][CLIENT][INFO] Adding 1 Botania Mana Infusion Recipe(s) for <botania:manaresource:23>
[AVAILABLE][CLIENT][INFO] Adding 1 Botania Mana Infusion Recipe(s) for <botania:manaresource>
[AVAILABLE][CLIENT][INFO] Adding 1 Botania Rune Altar Recipe(s) for <botania:rune:3>
[AVAILABLE][CLIENT][INFO] Adding chisel variation for group: cobblestone and item: 1xtile.erebus.umberstone@1
[AVAILABLE][CLIENT][INFO] Adding chisel variation for group: stonebrick and item: 1xtile.erebus.umberstone@0
[AVAILABLE][CLIENT][INFO] Adding 1 Botania Mana Infusion Recipe(s) for <thaumcraft:stone_arcane>
